Start testing: Jan 05 08:27 CET
----------------------------------------------------------
1/5 Testing: test_proposition
1/5 Test: test_proposition
Command: "/home/vixen/Documents/UTBM/TC05/LO21 (2eme du nom)/Projet/LO21---sys-expert/build/test_proposition"
Directory: /home/vixen/Documents/UTBM/TC05/LO21 (2eme du nom)/Projet/LO21---sys-expert/build
"test_proposition" start time: Jan 05 08:27 CET
Output:
----------------------------------------------------------
test_proposition: OK
<end of output>
Test time =   0.01 sec
----------------------------------------------------------
Test Passed.
"test_proposition" end time: Jan 05 08:27 CET
"test_proposition" time elapsed: 00:00:00
----------------------------------------------------------

2/5 Testing: test_list_proposition
2/5 Test: test_list_proposition
Command: "/home/vixen/Documents/UTBM/TC05/LO21 (2eme du nom)/Projet/LO21---sys-expert/build/test_list_proposition"
Directory: /home/vixen/Documents/UTBM/TC05/LO21 (2eme du nom)/Projet/LO21---sys-expert/build
"test_list_proposition" start time: Jan 05 08:27 CET
Output:
----------------------------------------------------------
test_list_proposition: OK
<end of output>
Test time =   0.00 sec
----------------------------------------------------------
Test Passed.
"test_list_proposition" end time: Jan 05 08:27 CET
"test_list_proposition" time elapsed: 00:00:00
----------------------------------------------------------

3/5 Testing: test_regle
3/5 Test: test_regle
Command: "/home/vixen/Documents/UTBM/TC05/LO21 (2eme du nom)/Projet/LO21---sys-expert/build/test_regle"
Directory: /home/vixen/Documents/UTBM/TC05/LO21 (2eme du nom)/Projet/LO21---sys-expert/build
"test_regle" start time: Jan 05 08:27 CET
Output:
----------------------------------------------------------
test_regle: OK
<end of output>
Test time =   0.00 sec
----------------------------------------------------------
Test Passed.
"test_regle" end time: Jan 05 08:27 CET
"test_regle" time elapsed: 00:00:00
----------------------------------------------------------

4/5 Testing: test_bc
4/5 Test: test_bc
Command: "/home/vixen/Documents/UTBM/TC05/LO21 (2eme du nom)/Projet/LO21---sys-expert/build/test_bc"
Directory: /home/vixen/Documents/UTBM/TC05/LO21 (2eme du nom)/Projet/LO21---sys-expert/build
"test_bc" start time: Jan 05 08:27 CET
Output:
----------------------------------------------------------
test_bc: OK
<end of output>
Test time =   0.00 sec
----------------------------------------------------------
Test Passed.
"test_bc" end time: Jan 05 08:27 CET
"test_bc" time elapsed: 00:00:00
----------------------------------------------------------

5/5 Testing: test_inference
5/5 Test: test_inference
Command: "/home/vixen/Documents/UTBM/TC05/LO21 (2eme du nom)/Projet/LO21---sys-expert/build/test_inference"
Directory: /home/vixen/Documents/UTBM/TC05/LO21 (2eme du nom)/Projet/LO21---sys-expert/build
"test_inference" start time: Jan 05 08:27 CET
Output:
----------------------------------------------------------
test_inference: OK
<end of output>
Test time =   0.00 sec
----------------------------------------------------------
Test Passed.
"test_inference" end time: Jan 05 08:27 CET
"test_inference" time elapsed: 00:00:00
----------------------------------------------------------

End testing: Jan 05 08:27 CET
